0 info it worked if it ends with ok
1 verbose cli [ '/Users/hateko/.nvm/versions/node/v6.1.0/bin/node',
1 verbose cli   '/Users/hateko/.nvm/versions/node/v6.1.0/bin/npm',
1 verbose cli   'i',
1 verbose cli   'coveralls',
1 verbose cli   '--save-dev' ]
2 info using npm@3.8.6
3 info using node@v6.1.0
4 silly loadCurrentTree Starting
5 silly install loadCurrentTree
6 silly install readLocalPackageData
7 silly rollbackFailedOptional Starting
8 silly rollbackFailedOptional Finishing
9 silly runTopLevelLifecycles Starting
10 silly runTopLevelLifecycles Finishing
11 silly install printInstalled
12 verbose stack Error: ENOENT: no such file or directory, realpath '/Users/hateko/Documents/angular_demo/node_modules/load-json-file/node_modules/graceful-fs'
12 verbose stack     at Error (native)
13 verbose cwd /Users/hateko/Documents/angular_demo
14 error Darwin 16.7.0
15 error argv "/Users/hateko/.nvm/versions/node/v6.1.0/bin/node" "/Users/hateko/.nvm/versions/node/v6.1.0/bin/npm" "i" "coveralls" "--save-dev"
16 error node v6.1.0
17 error npm  v3.8.6
18 error path /Users/hateko/Documents/angular_demo/node_modules/load-json-file/node_modules/graceful-fs
19 error code ENOENT
20 error errno -2
21 error syscall realpath
22 error enoent ENOENT: no such file or directory, realpath '/Users/hateko/Documents/angular_demo/node_modules/load-json-file/node_modules/graceful-fs'
23 error enoent ENOENT: no such file or directory, realpath '/Users/hateko/Documents/angular_demo/node_modules/load-json-file/node_modules/graceful-fs'
23 error enoent This is most likely not a problem with npm itself
23 error enoent and is related to npm not being able to find a file.
24 verbose exit [ -2, true ]
